\BOOKMARK [1][-]{section*.1}{\376\377\000A\000b\000s\000t\000r\000a\000c\000t}{}% 1
\BOOKMARK [1][-]{section*.2}{\376\377\000A\000c\000k\000n\000o\000w\000l\000e\000d\000g\000e\000m\000e\000n\000t\000s}{}% 2
\BOOKMARK [1][-]{section*.3}{\376\377\000D\000e\000d\000i\000c\000a\000t\000i\000o\000n}{}% 3
\BOOKMARK [1][-]{section.1}{\376\377\000I\000n\000t\000r\000o\000d\000u\000c\000t\000i\000o\000n}{}% 4
\BOOKMARK [1][-]{section.2}{\376\377\000M\000e\000t\000h\000o\000d\000s}{}% 5
\BOOKMARK [2][-]{subsection.2.1}{\376\377\000L\000a\000k\000e\000\040\000i\000c\000e\000\040\000d\000a\000t\000a\000\040\000s\000e\000t\000s}{section.2}% 6
\BOOKMARK [2][-]{subsection.2.2}{\376\377\000S\000o\000f\000t\000w\000a\000r\000e}{section.2}% 7
\BOOKMARK [2][-]{subsection.2.3}{\376\377\000S\000i\000n\000g\000l\000e\000-\000l\000a\000k\000e\000\040\000m\000o\000d\000e\000l\000s\000:\000\040\000B\000u\000f\000f\000a\000l\000o\000\040\000P\000o\000u\000n\000d\000\040\000L\000a\000k\000e}{section.2}% 8
\BOOKMARK [3][-]{subsubsection.2.3.1}{\376\377\000P\000i\000e\000c\000e\000w\000i\000s\000e\000\040\000a\000d\000d\000i\000t\000i\000v\000e\000\040\000m\000o\000d\000e\000l\000s\000\040\000\050\000f\000o\000r\000\040\000f\000r\000e\000e\000z\000e\000/\000t\000h\000a\000w\000\051}{subsection.2.3}% 9
\BOOKMARK [3][-]{subsubsection.2.3.2}{\376\377\000D\000u\000r\000a\000t\000i\000o\000n\000\040\000m\000o\000d\000e\000l\000s}{subsection.2.3}% 10
\BOOKMARK [2][-]{subsection.2.4}{\376\377\000D\000u\000r\000a\000t\000i\000o\000n\000\040\000m\000o\000d\000e\000l\000s\000:\000\040\000L\000a\000k\000e\000\040\000S\000t\000e\000c\000h\000l\000i\000n}{section.2}% 11
\BOOKMARK [2][-]{subsection.2.5}{\376\377\000S\000e\000g\000m\000e\000n\000t\000e\000d\000\040\000r\000e\000g\000r\000e\000s\000s\000i\000o\000n}{section.2}% 12
\BOOKMARK [2][-]{subsection.2.6}{\376\377\000H\000i\000e\000r\000a\000r\000c\000h\000i\000c\000a\000l\000\040\000m\000o\000d\000e\000l\000s}{section.2}% 13
\BOOKMARK [3][-]{subsubsection.2.6.1}{\376\377\000H\000i\000e\000r\000a\000r\000c\000h\000i\000c\000a\000l\000\040\000p\000i\000e\000c\000e\000w\000i\000s\000e\000\040\000a\000d\000d\000i\000t\000i\000v\000e\000\040\000m\000o\000d\000e\000l\000s}{subsection.2.6}% 14
\BOOKMARK [3][-]{subsubsection.2.6.2}{\376\377\000H\000i\000e\000r\000a\000r\000c\000h\000i\000c\000a\000l\000\040\000d\000u\000r\000a\000t\000i\000o\000n\000\040\000m\000o\000d\000e\000l\000s}{subsection.2.6}% 15
\BOOKMARK [1][-]{section.3}{\376\377\000R\000e\000s\000u\000l\000t\000s}{}% 16
\BOOKMARK [2][-]{subsection.3.1}{\376\377\000S\000i\000n\000g\000l\000e\000-\000l\000a\000k\000e\000\040\000m\000o\000d\000e\000l\000s\000:\000\040\000B\000u\000f\000f\000a\000l\000o\000\040\000P\000o\000u\000n\000d\000\040\000L\000a\000k\000e}{section.3}% 17
\BOOKMARK [2][-]{subsection.3.2}{\376\377\000D\000u\000r\000a\000t\000i\000o\000n\000\040\000m\000o\000d\000e\000l\000s\000:\000\040\000L\000a\000k\000e\000\040\000S\000t\000e\000c\000h\000l\000i\000n}{section.3}% 18
\BOOKMARK [2][-]{subsection.3.3}{\376\377\000S\000e\000g\000m\000e\000n\000t\000e\000d\000\040\000r\000e\000g\000r\000e\000s\000s\000i\000o\000n}{section.3}% 19
\BOOKMARK [2][-]{subsection.3.4}{\376\377\000H\000i\000e\000r\000a\000r\000c\000h\000i\000c\000a\000l\000\040\000m\000o\000d\000e\000l\000s}{section.3}% 20
\BOOKMARK [3][-]{subsubsection.3.4.1}{\376\377\000H\000i\000e\000r\000a\000r\000c\000h\000i\000c\000a\000l\000\040\000p\000i\000e\000c\000e\000w\000i\000s\000e\000\040\000a\000d\000d\000i\000t\000i\000v\000e\000\040\000m\000o\000d\000e\000l\000s}{subsection.3.4}% 21
\BOOKMARK [3][-]{subsubsection.3.4.2}{\376\377\000H\000i\000e\000r\000a\000r\000c\000h\000i\000c\000a\000l\000\040\000d\000u\000r\000a\000t\000i\000o\000n\000\040\000m\000o\000d\000e\000l\000s}{subsection.3.4}% 22
\BOOKMARK [1][-]{section.4}{\376\377\000D\000i\000s\000c\000u\000s\000s\000i\000o\000n}{}% 23
\BOOKMARK [2][-]{subsection.4.1}{\376\377\000S\000i\000n\000g\000l\000e\000-\000l\000a\000k\000e\000\040\000m\000o\000d\000e\000l\000s\000:\000\040\000B\000u\000f\000f\000a\000l\000o\000\040\000P\000o\000u\000n\000d\000\040\000L\000a\000k\000e}{section.4}% 24
\BOOKMARK [2][-]{subsection.4.2}{\376\377\000D\000u\000r\000a\000t\000i\000o\000n\000\040\000m\000o\000d\000e\000l\000s\000:\000\040\000L\000a\000k\000e\000\040\000S\000t\000e\000c\000h\000l\000i\000n}{section.4}% 25
\BOOKMARK [2][-]{subsection.4.3}{\376\377\000S\000e\000g\000m\000e\000n\000t\000e\000d\000\040\000r\000e\000g\000r\000e\000s\000s\000i\000o\000n}{section.4}% 26
\BOOKMARK [2][-]{subsection.4.4}{\376\377\000H\000i\000e\000r\000a\000r\000c\000h\000i\000c\000a\000l\000\040\000m\000o\000d\000e\000l\000s}{section.4}% 27
\BOOKMARK [2][-]{subsection.4.5}{\376\377\000F\000u\000t\000u\000r\000e\000\040\000w\000o\000r\000k}{section.4}% 28
\BOOKMARK [2][-]{subsection.4.6}{\376\377\000C\000o\000n\000c\000l\000u\000s\000i\000o\000n}{section.4}% 29
\BOOKMARK [1][-]{section*.6}{\376\377\000A\000p\000p\000e\000n\000d\000i\000x\000\040\000i\000:\000\040\000A\000b\000b\000r\000e\000v\000i\000a\000t\000i\000o\000n\000s\000\040\000u\000s\000e\000d}{}% 30
\BOOKMARK [1][-]{section*.7}{\376\377\000A\000p\000p\000e\000n\000d\000i\000x\000\040\000i\000i\000:\000\040\000C\000o\000d\000e\000\040\000a\000n\000d\000\040\000d\000a\000t\000a\000\040\000a\000v\000a\000i\000l\000a\000b\000i\000l\000i\000t\000y}{}% 31
\BOOKMARK [1][-]{section*.8}{\376\377\000R\000e\000f\000e\000r\000e\000n\000c\000e\000s}{}% 32
